d:\repos\qt test\vstest\greenhouse\x64\debug\qrc_greenhouse.obj
d:\repos\qt test\vstest\greenhouse\x64\debug\moc_greenhouse.obj
d:\repos\qt test\vstest\greenhouse\x64\debug\moc_server.obj
d:\repos\qt test\vstest\greenhouse\x64\debug\vc143.pdb
d:\repos\qt test\vstest\greenhouse\x64\debug\greenhouse.obj
d:\repos\qt test\vstest\greenhouse\x64\debug\main.obj
d:\repos\qt test\vstest\greenhouse\x64\debug\uic\ui_greenhouse.h
d:\repos\qt test\vstest\greenhouse\x64\debug\rcc\qrc_greenhouse.cpp
d:\repos\qt test\vstest\greenhouse\x64\debug\moc\moc_greenhouse.cpp
d:\repos\qt test\vstest\greenhouse\x64\debug\moc\moc_server.cpp
d:\repos\qt test\vstest\greenhouse\x64\debug\greenhouse.res
d:\repos\qt test\vstest\greenhouse\x64\debug\server.obj
d:\repos\qt test\vstest\greenhouse\x64\debug\greenhouse.pdb
d:\repos\qt test\vstest\greenhouse\x64\debug\greenhouse.tlog\cl.command.1.tlog
d:\repos\qt test\vstest\greenhouse\x64\debug\greenhouse.tlog\cl.read.1.tlog
d:\repos\qt test\vstest\greenhouse\x64\debug\greenhouse.tlog\cl.write.1.tlog
d:\repos\qt test\vstest\greenhouse\x64\debug\greenhouse.tlog\greenhouse.write.1u.tlog
d:\repos\qt test\vstest\greenhouse\x64\debug\greenhouse.tlog\link-cvtres.read.1.tlog
d:\repos\qt test\vstest\greenhouse\x64\debug\greenhouse.tlog\link-cvtres.write.1.tlog
d:\repos\qt test\vstest\greenhouse\x64\debug\greenhouse.tlog\link-rc.read.1.tlog
d:\repos\qt test\vstest\greenhouse\x64\debug\greenhouse.tlog\link-rc.write.1.tlog
d:\repos\qt test\vstest\greenhouse\x64\debug\greenhouse.tlog\link.68820-cvtres.read.1.tlog
d:\repos\qt test\vstest\greenhouse\x64\debug\greenhouse.tlog\link.68820-cvtres.write.1.tlog
d:\repos\qt test\vstest\greenhouse\x64\debug\greenhouse.tlog\link.68820-rc.read.1.tlog
d:\repos\qt test\vstest\greenhouse\x64\debug\greenhouse.tlog\link.68820-rc.write.1.tlog
d:\repos\qt test\vstest\greenhouse\x64\debug\greenhouse.tlog\link.68820.read.1.tlog
d:\repos\qt test\vstest\greenhouse\x64\debug\greenhouse.tlog\link.68820.read.2.tlog
d:\repos\qt test\vstest\greenhouse\x64\debug\greenhouse.tlog\link.68820.write.1.tlog
d:\repos\qt test\vstest\greenhouse\x64\debug\greenhouse.tlog\link.command.1.tlog
d:\repos\qt test\vstest\greenhouse\x64\debug\greenhouse.tlog\link.read.1.tlog
d:\repos\qt test\vstest\greenhouse\x64\debug\greenhouse.tlog\link.read.2.tlog
d:\repos\qt test\vstest\greenhouse\x64\debug\greenhouse.tlog\link.write.1.tlog
d:\repos\qt test\vstest\greenhouse\x64\debug\greenhouse.tlog\moc.read.1u.tlog
d:\repos\qt test\vstest\greenhouse\x64\debug\greenhouse.tlog\moc.write.1u.tlog
d:\repos\qt test\vstest\greenhouse\x64\debug\greenhouse.tlog\rc.command.1.tlog
d:\repos\qt test\vstest\greenhouse\x64\debug\greenhouse.tlog\rc.read.1.tlog
d:\repos\qt test\vstest\greenhouse\x64\debug\greenhouse.tlog\rc.write.1.tlog
d:\repos\qt test\vstest\greenhouse\x64\debug\greenhouse.tlog\rcc.read.1u.tlog
d:\repos\qt test\vstest\greenhouse\x64\debug\greenhouse.tlog\rcc.write.1u.tlog
d:\repos\qt test\vstest\greenhouse\x64\debug\greenhouse.tlog\uic.read.1u.tlog
d:\repos\qt test\vstest\greenhouse\x64\debug\greenhouse.tlog\uic.write.1u.tlog
